<?xml version="1.0" encoding="UTF-8"?>
<testsuite xmlns:xsi="http://www.w3.org/2001/XMLSchema-instance" xsi:noNamespaceSchemaLocation="https://maven.apache.org/surefire/maven-surefire-plugin/xsd/surefire-test-report-3.0.xsd" version="3.0" name="es.uvigo.esei.sing.textproc.persistence.TextProcPersistenceTest" time="0.06" tests="1" errors="0" skipped="0" failures="0">
  <properties>
    <property name="java.specification.version" value="14"/>
    <property name="sun.jnu.encoding" value="UTF-8"/>
    <property name="java.class.path" value="/media/discoduro/Documentos/Estudios/TFG/TextProc/TextProcPersistence/target/test-classes:/home/alejandro/.m2/repository/org/jboss/logging/jboss-logging/3.3.2.Final/jboss-logging-3.3.2.Final.jar:/home/alejandro/.m2/repository/org/javassist/javassist/3.24.0-GA/javassist-3.24.0-GA.jar:/home/alejandro/.m2/repository/net/bytebuddy/byte-buddy/1.10.7/byte-buddy-1.10.7.jar:/home/alejandro/.m2/repository/antlr/antlr/2.7.7/antlr-2.7.7.jar:/home/alejandro/.m2/repository/org/jboss/spec/javax/transaction/jboss-transaction-api_1.2_spec/1.1.1.Final/jboss-transaction-api_1.2_spec-1.1.1.Final.jar:/home/alejandro/.m2/repository/org/jboss/jandex/2.1.1.Final/jandex-2.1.1.Final.jar:/home/alejandro/.m2/repository/com/fasterxml/classmate/1.5.1/classmate-1.5.1.jar:/home/alejandro/.m2/repository/javax/activation/javax.activation-api/1.2.0/javax.activation-api-1.2.0.jar:/home/alejandro/.m2/repository/org/dom4j/dom4j/2.1.1/dom4j-2.1.1.jar:/home/alejandro/.m2/repository/org/hibernate/common/hibernate-commons-annotations/5.1.0.Final/hibernate-commons-annotations-5.1.0.Final.jar:/home/alejandro/.m2/repository/javax/xml/bind/jaxb-api/2.4.0-b180830.0359/jaxb-api-2.4.0-b180830.0359.jar:/home/alejandro/.m2/repository/org/hibernate/hibernate-c3p0/5.4.12.Final/hibernate-c3p0-5.4.12.Final.jar:/home/alejandro/.m2/repository/com/mchange/c3p0/0.9.5.3/c3p0-0.9.5.3.jar:/home/alejandro/.m2/repository/com/mchange/mchange-commons-java/0.2.15/mchange-commons-java-0.2.15.jar:/home/alejandro/.m2/repository/org/xerial/sqlite-jdbc/3.30.1/sqlite-jdbc-3.30.1.jar:/home/alejandro/.m2/repository/com/github/gwenn/sqlite-dialect/c3cee1f223/sqlite-dialect-c3cee1f223.jar:/home/alejandro/.m2/repository/org/junit/jupiter/junit-jupiter-api/5.7.0-M1/junit-jupiter-api-5.7.0-M1.jar:/home/alejandro/.m2/repository/org/apiguardian/apiguardian-api/1.1.0/apiguardian-api-1.1.0.jar:/home/alejandro/.m2/repository/org/opentest4j/opentest4j/1.2.0/opentest4j-1.2.0.jar:/home/alejandro/.m2/repository/org/junit/platform/junit-platform-commons/1.7.0-M1/junit-platform-commons-1.7.0-M1.jar:"/>
    <property name="java.vm.vendor" value="Debian"/>
    <property name="sun.arch.data.model" value="64"/>
    <property name="java.vendor.url" value="https://tracker.debian.org/openjdk-14"/>
    <property name="os.name" value="Linux"/>
    <property name="java.vm.specification.version" value="14"/>
    <property name="sun.java.launcher" value="SUN_STANDARD"/>
    <property name="user.country" value="ES"/>
    <property name="sun.boot.library.path" value="/usr/lib/jvm/java-14-openjdk-amd64/lib"/>
    <property name="sun.java.command" value="org.apache.maven.surefire.booter.ForkedBooter /media/discoduro/Documentos/Estudios/TFG/TextProc/TextProcPersistence/target/surefire 2020-05-04T22-06-04_260-jvmRun1 surefire9712301194104085163tmp surefire_03975431525390662000tmp"/>
    <property name="jdk.debug" value="release"/>
    <property name="surefire.test.class.path" value="/media/discoduro/Documentos/Estudios/TFG/TextProc/TextProcPersistence/target/test-classes:/home/alejandro/.m2/repository/org/jboss/logging/jboss-logging/3.3.2.Final/jboss-logging-3.3.2.Final.jar:/home/alejandro/.m2/repository/org/javassist/javassist/3.24.0-GA/javassist-3.24.0-GA.jar:/home/alejandro/.m2/repository/net/bytebuddy/byte-buddy/1.10.7/byte-buddy-1.10.7.jar:/home/alejandro/.m2/repository/antlr/antlr/2.7.7/antlr-2.7.7.jar:/home/alejandro/.m2/repository/org/jboss/spec/javax/transaction/jboss-transaction-api_1.2_spec/1.1.1.Final/jboss-transaction-api_1.2_spec-1.1.1.Final.jar:/home/alejandro/.m2/repository/org/jboss/jandex/2.1.1.Final/jandex-2.1.1.Final.jar:/home/alejandro/.m2/repository/com/fasterxml/classmate/1.5.1/classmate-1.5.1.jar:/home/alejandro/.m2/repository/javax/activation/javax.activation-api/1.2.0/javax.activation-api-1.2.0.jar:/home/alejandro/.m2/repository/org/dom4j/dom4j/2.1.1/dom4j-2.1.1.jar:/home/alejandro/.m2/repository/org/hibernate/common/hibernate-commons-annotations/5.1.0.Final/hibernate-commons-annotations-5.1.0.Final.jar:/home/alejandro/.m2/repository/javax/xml/bind/jaxb-api/2.4.0-b180830.0359/jaxb-api-2.4.0-b180830.0359.jar:/home/alejandro/.m2/repository/org/hibernate/hibernate-c3p0/5.4.12.Final/hibernate-c3p0-5.4.12.Final.jar:/home/alejandro/.m2/repository/com/mchange/c3p0/0.9.5.3/c3p0-0.9.5.3.jar:/home/alejandro/.m2/repository/com/mchange/mchange-commons-java/0.2.15/mchange-commons-java-0.2.15.jar:/home/alejandro/.m2/repository/org/xerial/sqlite-jdbc/3.30.1/sqlite-jdbc-3.30.1.jar:/home/alejandro/.m2/repository/com/github/gwenn/sqlite-dialect/c3cee1f223/sqlite-dialect-c3cee1f223.jar:/home/alejandro/.m2/repository/org/junit/jupiter/junit-jupiter-api/5.7.0-M1/junit-jupiter-api-5.7.0-M1.jar:/home/alejandro/.m2/repository/org/apiguardian/apiguardian-api/1.1.0/apiguardian-api-1.1.0.jar:/home/alejandro/.m2/repository/org/opentest4j/opentest4j/1.2.0/opentest4j-1.2.0.jar:/home/alejandro/.m2/repository/org/junit/platform/junit-platform-commons/1.7.0-M1/junit-platform-commons-1.7.0-M1.jar:"/>
    <property name="sun.cpu.endian" value="little"/>
    <property name="user.home" value="/home/alejandro"/>
    <property name="user.language" value="es"/>
    <property name="java.specification.vendor" value="Oracle Corporation"/>
    <property name="jdk.module.path" value="/media/discoduro/Documentos/Estudios/TFG/TextProc/TextProcPersistence/target/classes:/home/alejandro/.m2/repository/org/hibernate/hibernate-core/5.4.12.Final/hibernate-core-5.4.12.Final.jar:/home/alejandro/.m2/repository/javax/persistence/javax.persistence-api/2.2/javax.persistence-api-2.2.jar:/media/discoduro/Documentos/Estudios/TFG/TextProc/TextProcLogging/target/TextProcLogging-1.0.0-SNAPSHOT.jar:/home/alejandro/.m2/repository/org/projectlombok/lombok/1.18.12/lombok-1.18.12.jar:/home/alejandro/.m2/repository/org/mapstruct/mapstruct-processor/1.3.1.Final/mapstruct-processor-1.3.1.Final.jar"/>
    <property name="java.version.date" value="2020-04-14"/>
    <property name="java.home" value="/usr/lib/jvm/java-14-openjdk-amd64"/>
    <property name="file.separator" value="/"/>
    <property name="basedir" value="/media/discoduro/Documentos/Estudios/TFG/TextProc/TextProcPersistence"/>
    <property name="java.vm.compressedOopsMode" value="Zero based"/>
    <property name="line.separator" value="&#10;"/>
    <property name="java.specification.name" value="Java Platform API Specification"/>
    <property name="java.vm.specification.vendor" value="Oracle Corporation"/>
    <property name="surefire.real.class.path" value="/home/alejandro/.m2/repository/org/apache/maven/surefire/surefire-booter/3.0.0-M4/surefire-booter-3.0.0-M4.jar:/home/alejandro/.m2/repository/org/apache/maven/surefire/surefire-api/3.0.0-M4/surefire-api-3.0.0-M4.jar:/home/alejandro/.m2/repository/org/apache/maven/surefire/surefire-logger-api/3.0.0-M4/surefire-logger-api-3.0.0-M4.jar:/media/discoduro/Documentos/Estudios/TFG/TextProc/TextProcPersistence/target/test-classes:/home/alejandro/.m2/repository/org/jboss/logging/jboss-logging/3.3.2.Final/jboss-logging-3.3.2.Final.jar:/home/alejandro/.m2/repository/org/javassist/javassist/3.24.0-GA/javassist-3.24.0-GA.jar:/home/alejandro/.m2/repository/net/bytebuddy/byte-buddy/1.10.7/byte-buddy-1.10.7.jar:/home/alejandro/.m2/repository/antlr/antlr/2.7.7/antlr-2.7.7.jar:/home/alejandro/.m2/repository/org/jboss/spec/javax/transaction/jboss-transaction-api_1.2_spec/1.1.1.Final/jboss-transaction-api_1.2_spec-1.1.1.Final.jar:/home/alejandro/.m2/repository/org/jboss/jandex/2.1.1.Final/jandex-2.1.1.Final.jar:/home/alejandro/.m2/repository/com/fasterxml/classmate/1.5.1/classmate-1.5.1.jar:/home/alejandro/.m2/repository/javax/activation/javax.activation-api/1.2.0/javax.activation-api-1.2.0.jar:/home/alejandro/.m2/repository/org/dom4j/dom4j/2.1.1/dom4j-2.1.1.jar:/home/alejandro/.m2/repository/org/hibernate/common/hibernate-commons-annotations/5.1.0.Final/hibernate-commons-annotations-5.1.0.Final.jar:/home/alejandro/.m2/repository/javax/xml/bind/jaxb-api/2.4.0-b180830.0359/jaxb-api-2.4.0-b180830.0359.jar:/home/alejandro/.m2/repository/org/hibernate/hibernate-c3p0/5.4.12.Final/hibernate-c3p0-5.4.12.Final.jar:/home/alejandro/.m2/repository/com/mchange/c3p0/0.9.5.3/c3p0-0.9.5.3.jar:/home/alejandro/.m2/repository/com/mchange/mchange-commons-java/0.2.15/mchange-commons-java-0.2.15.jar:/home/alejandro/.m2/repository/org/xerial/sqlite-jdbc/3.30.1/sqlite-jdbc-3.30.1.jar:/home/alejandro/.m2/repository/com/github/gwenn/sqlite-dialect/c3cee1f223/sqlite-dialect-c3cee1f223.jar:/home/alejandro/.m2/repository/org/junit/jupiter/junit-jupiter-api/5.7.0-M1/junit-jupiter-api-5.7.0-M1.jar:/home/alejandro/.m2/repository/org/apiguardian/apiguardian-api/1.1.0/apiguardian-api-1.1.0.jar:/home/alejandro/.m2/repository/org/opentest4j/opentest4j/1.2.0/opentest4j-1.2.0.jar:/home/alejandro/.m2/repository/org/junit/platform/junit-platform-commons/1.7.0-M1/junit-platform-commons-1.7.0-M1.jar:/home/alejandro/.m2/repository/org/apache/maven/surefire/surefire-junit-platform/3.0.0-M4/surefire-junit-platform-3.0.0-M4.jar:/home/alejandro/.m2/repository/org/apache/maven/surefire/common-java5/3.0.0-M4/common-java5-3.0.0-M4.jar:/home/alejandro/.m2/repository/org/junit/platform/junit-platform-launcher/1.7.0-M1/junit-platform-launcher-1.7.0-M1.jar:/home/alejandro/.m2/repository/org/junit/platform/junit-platform-engine/1.7.0-M1/junit-platform-engine-1.7.0-M1.jar:/home/alejandro/.m2/repository/org/junit/jupiter/junit-jupiter-engine/5.7.0-M1/junit-jupiter-engine-5.7.0-M1.jar"/>
    <property name="sun.management.compiler" value="HotSpot 64-Bit Tiered Compilers"/>
    <property name="java.runtime.version" value="14.0.1+7-Debian-1"/>
    <property name="user.name" value="alejandro"/>
    <property name="path.separator" value=":"/>
    <property name="os.version" value="5.5.0-2-amd64"/>
    <property name="java.runtime.name" value="OpenJDK Runtime Environment"/>
    <property name="file.encoding" value="UTF-8"/>
    <property name="java.vm.name" value="OpenJDK 64-Bit Server VM"/>
    <property name="localRepository" value="/home/alejandro/.m2/repository"/>
    <property name="java.vendor.url.bug" value="https://bugs.debian.org/openjdk-14"/>
    <property name="java.io.tmpdir" value="/tmp"/>
    <property name="java.version" value="14.0.1"/>
    <property name="user.dir" value="/media/discoduro/Documentos/Estudios/TFG/TextProc/TextProcPersistence"/>
    <property name="os.arch" value="amd64"/>
    <property name="java.vm.specification.name" value="Java Virtual Machine Specification"/>
    <property name="java.library.path" value="/usr/java/packages/lib:/usr/lib/x86_64-linux-gnu/jni:/lib/x86_64-linux-gnu:/usr/lib/x86_64-linux-gnu:/usr/lib/jni:/lib:/usr/lib"/>
    <property name="java.vm.info" value="mixed mode"/>
    <property name="java.vendor" value="Debian"/>
    <property name="java.vm.version" value="14.0.1+7-Debian-1"/>
    <property name="sun.io.unicode.encoding" value="UnicodeLittle"/>
    <property name="java.class.version" value="58.0"/>
  </properties>
  <testcase name="test" classname="es.uvigo.esei.sing.textproc.persistence.TextProcPersistenceTest" time="0.028"/>
</testsuite>